[main] [34mINFO [0;39m [36mc.k.e.s.App[0;39m - Starting App on PC-20180202FXRO with PID 6040 (E:\gitlib\java-example-group\example-swagger\target\classes started by Administrator in E:\gitlib\java-example-group\example-swagger) 
[main] [39mDEBUG[0;39m [36mc.k.e.s.App[0;39m - Running with Spring Boot v1.5.7.RELEASE, Spring v4.3.11.RELEASE 
[main] [34mINFO [0;39m [36mc.k.e.s.App[0;39m - The following profiles are active: dev 
[main] [34mINFO [0;39m [36mo.s.b.c.e.AnnotationConfigEmbeddedWebApplicationContext[0;39m - Refreshing org.springframework.boot.context.embedded.AnnotationConfigEmbeddedWebApplicationContext@6b4a4e18: startup date [Sat Feb 03 20:15:19 CST 2018]; root of context hierarchy 
[main] [34mINFO [0;39m [36mo.s.b.c.e.t.TomcatEmbeddedServletContainer[0;39m - Tomcat initialized with port(s): 8080 (http) 
[main] [34mINFO [0;39m [36mo.a.c.c.StandardService[0;39m - Starting service [Tomcat] 
[main] [34mINFO [0;39m [36mo.a.c.c.StandardEngine[0;39m - Starting Servlet Engine: Apache Tomcat/8.5.20 
[localhost-startStop-1] [34mINFO [0;39m [36mo.a.c.c.C.[.[.[/][0;39m - Initializing Spring embedded WebApplicationContext 
[localhost-startStop-1] [34mINFO [0;39m [36mo.s.w.c.ContextLoader[0;39m - Root WebApplicationContext: initialization completed in 1991 ms 
[localhost-startStop-1] [34mINFO [0;39m [36mo.s.b.w.s.ServletRegistrationBean[0;39m - Mapping servlet: 'dispatcherServlet' to [/] 
[localhost-startStop-1] [34mINFO [0;39m [36mo.s.b.w.s.FilterRegistrationBean[0;39m - Mapping filter: 'characterEncodingFilter' to: [/*] 
[localhost-startStop-1] [34mINFO [0;39m [36mo.s.b.w.s.FilterRegistrationBean[0;39m - Mapping filter: 'hiddenHttpMethodFilter' to: [/*] 
[localhost-startStop-1] [34mINFO [0;39m [36mo.s.b.w.s.FilterRegistrationBean[0;39m - Mapping filter: 'httpPutFormContentFilter' to: [/*] 
[localhost-startStop-1] [34mINFO [0;39m [36mo.s.b.w.s.FilterRegistrationBean[0;39m - Mapping filter: 'requestContextFilter' to: [/*] 
[main] [34mINFO [0;39m [36mo.s.w.s.m.m.a.RequestMappingHandlerMapping[0;39m - Mapped "{[/users/{id}],methods=[PUT]}" onto public java.lang.String com.kuangxf.example.swagger.controller.user.UserController.putUser(java.lang.Long,com.kuangxf.example.swagger.po.User) 
[main] [34mINFO [0;39m [36mo.s.w.s.m.m.a.RequestMappingHandlerMapping[0;39m - Mapped "{[/users],methods=[POST]}" onto public java.lang.String com.kuangxf.example.swagger.controller.user.UserController.postUser(com.kuangxf.example.swagger.po.User) 
[main] [34mINFO [0;39m [36mo.s.w.s.m.m.a.RequestMappingHandlerMapping[0;39m - Mapped "{[/users],methods=[GET]}" onto public java.util.List<com.kuangxf.example.swagger.po.User> com.kuangxf.example.swagger.controller.user.UserController.getUserList() 
[main] [34mINFO [0;39m [36mo.s.w.s.m.m.a.RequestMappingHandlerMapping[0;39m - Mapped "{[/users/{id}],methods=[GET]}" onto public com.kuangxf.example.swagger.po.User com.kuangxf.example.swagger.controller.user.UserController.getUser(java.lang.Long) 
[main] [34mINFO [0;39m [36mo.s.w.s.m.m.a.RequestMappingHandlerMapping[0;39m - Mapped "{[/users/{id}],methods=[DELETE]}" onto public java.lang.String com.kuangxf.example.swagger.controller.user.UserController.deleteUser(java.lang.Long) 
[main] [34mINFO [0;39m [36mo.s.w.s.m.m.a.RequestMappingHandlerMapping[0;39m - Mapped "{[/swagger-resources]}" onto public org.springframework.http.ResponseEntity<java.util.List<springfox.documentation.swagger.web.SwaggerResource>> springfox.documentation.swagger.web.ApiResourceController.swaggerResources() 
[main] [34mINFO [0;39m [36mo.s.w.s.m.m.a.RequestMappingHandlerMapping[0;39m - Mapped "{[/swagger-resources/configuration/ui]}" onto public org.springframework.http.ResponseEntity<springfox.documentation.swagger.web.UiConfiguration> springfox.documentation.swagger.web.ApiResourceController.uiConfiguration() 
[main] [34mINFO [0;39m [36mo.s.w.s.m.m.a.RequestMappingHandlerMapping[0;39m - Mapped "{[/swagger-resources/configuration/security]}" onto public org.springframework.http.ResponseEntity<springfox.documentation.swagger.web.SecurityConfiguration> springfox.documentation.swagger.web.ApiResourceController.securityConfiguration() 
[main] [34mINFO [0;39m [36mo.s.w.s.m.m.a.RequestMappingHandlerMapping[0;39m - Mapped "{[/error]}" onto public org.springframework.http.ResponseEntity<java.util.Map<java.lang.String, java.lang.Object>> org.springframework.boot.autoconfigure.web.BasicErrorController.error(javax.servlet.http.HttpServletRequest) 
[main] [34mINFO [0;39m [36mo.s.w.s.m.m.a.RequestMappingHandlerMapping[0;39m - Mapped "{[/error],produces=[text/html]}" onto public org.springframework.web.servlet.ModelAndView org.springframework.boot.autoconfigure.web.BasicErrorController.errorHtml(javax.servlet.http.HttpServletRequest,javax.servlet.http.HttpServletResponse) 
[main] [34mINFO [0;39m [36ms.d.s.w.PropertySourcedRequestMappingHandlerMapping[0;39m - Mapped URL path [/v2/api-docs] onto method [public org.springframework.http.ResponseEntity<springfox.documentation.spring.web.json.Json> springfox.documentation.swagger2.web.Swagger2Controller.getDocumentation(java.lang.String,javax.servlet.http.HttpServletRequest)] 
[main] [34mINFO [0;39m [36mo.s.w.s.m.m.a.RequestMappingHandlerAdapter[0;39m - Looking for @ControllerAdvice: org.springframework.boot.context.embedded.AnnotationConfigEmbeddedWebApplicationContext@6b4a4e18: startup date [Sat Feb 03 20:15:19 CST 2018]; root of context hierarchy 
[main] [34mINFO [0;39m [36mo.s.w.s.h.SimpleUrlHandlerMapping[0;39m - Mapped URL path [/webjars/**] onto handler of type [class org.springframework.web.servlet.resource.ResourceHttpRequestHandler] 
[main] [34mINFO [0;39m [36mo.s.w.s.h.SimpleUrlHandlerMapping[0;39m - Mapped URL path [/**] onto handler of type [class org.springframework.web.servlet.resource.ResourceHttpRequestHandler] 
[main] [34mINFO [0;39m [36mo.s.w.s.h.SimpleUrlHandlerMapping[0;39m - Mapped URL path [/**/favicon.ico] onto handler of type [class org.springframework.web.servlet.resource.ResourceHttpRequestHandler] 
[main] [34mINFO [0;39m [36mo.s.j.e.a.AnnotationMBeanExporter[0;39m - Registering beans for JMX exposure on startup 
[main] [34mINFO [0;39m [36mo.s.c.s.DefaultLifecycleProcessor[0;39m - Starting beans in phase 2147483647 
[main] [34mINFO [0;39m [36ms.d.s.w.p.DocumentationPluginsBootstrapper[0;39m - Context refreshed 
[main] [34mINFO [0;39m [36ms.d.s.w.p.DocumentationPluginsBootstrapper[0;39m - Found 1 custom documentation plugin(s) 
[main] [34mINFO [0;39m [36ms.d.s.w.s.ApiListingReferenceScanner[0;39m - Scanning for api listing references 
[main] [34mINFO [0;39m [36mo.s.b.c.e.t.TomcatEmbeddedServletContainer[0;39m - Tomcat started on port(s): 8080 (http) 
[main] [34mINFO [0;39m [36mc.k.e.s.App[0;39m - Started App in 4.003 seconds (JVM running for 4.357) 
[main] [34mINFO [0;39m [36mc.k.e.s.App[0;39m - example-swagger>>>>>>服务启动完成! 
